Reading ROM into byte vec
Loading instructions: [0, 224, 162, 42, 96, 12, 97, 8, 208, 31, 112, 9, 162, 57, 208, 31, 162, 72, 112, 8, 208, 31, 112, 4, 162, 87, 208, 31, 112, 8, 162, 102, 208, 31, 112, 8, 162, 117, 208, 31, 18, 40, 255, 0, 255, 0, 60, 0, 60, 0, 60, 0, 60, 0, 255, 0, 255, 255, 0, 255, 0, 56, 0, 63, 0, 63, 0, 56, 0, 255, 0, 255, 128, 0, 224, 0, 224, 0, 128, 0, 128, 0, 224, 0, 224, 0, 128, 248, 0, 252, 0, 62, 0, 63, 0, 59, 0, 57, 0, 248, 0, 248, 3, 0, 7, 0, 15, 0, 191, 0, 251, 0, 243, 0, 227, 0, 67, 224, 0, 224, 0, 128, 0, 128, 0, 128, 0, 128, 0, 224, 0, 224]
curr instr: 0
curr ram[512]: 0
curr instr: e0
curr ram[513]: e0
curr instr: a2
curr ram[514]: a2
curr instr: 2a
curr ram[515]: 2a
curr instr: 60
curr ram[516]: 60
curr instr: c
curr ram[517]: c
curr instr: 61
curr ram[518]: 61
curr instr: 8
curr ram[519]: 8
curr instr: d0
curr ram[520]: d0
curr instr: 1f
curr ram[521]: 1f
curr instr: 70
curr ram[522]: 70
curr instr: 9
curr ram[523]: 9
curr instr: a2
curr ram[524]: a2
curr instr: 39
curr ram[525]: 39
curr instr: d0
curr ram[526]: d0
curr instr: 1f
curr ram[527]: 1f
curr instr: a2
curr ram[528]: a2
curr instr: 48
curr ram[529]: 48
curr instr: 70
curr ram[530]: 70
curr instr: 8
curr ram[531]: 8
curr instr: d0
curr ram[532]: d0
curr instr: 1f
curr ram[533]: 1f
curr instr: 70
curr ram[534]: 70
curr instr: 4
curr ram[535]: 4
curr instr: a2
curr ram[536]: a2
curr instr: 57
curr ram[537]: 57
curr instr: d0
curr ram[538]: d0
curr instr: 1f
curr ram[539]: 1f
curr instr: 70
curr ram[540]: 70
curr instr: 8
curr ram[541]: 8
curr instr: a2
curr ram[542]: a2
curr instr: 66
curr ram[543]: 66
curr instr: d0
curr ram[544]: d0
curr instr: 1f
curr ram[545]: 1f
curr instr: 70
curr ram[546]: 70
curr instr: 8
curr ram[547]: 8
curr instr: a2
curr ram[548]: a2
curr instr: 75
curr ram[549]: 75
curr instr: d0
curr ram[550]: d0
curr instr: 1f
curr ram[551]: 1f
curr instr: 12
curr ram[552]: 12
curr instr: 28
curr ram[553]: 28
curr instr: ff
curr ram[554]: ff
curr instr: 0
curr ram[555]: 0
curr instr: ff
curr ram[556]: ff
curr instr: 0
curr ram[557]: 0
curr instr: 3c
curr ram[558]: 3c
curr instr: 0
curr ram[559]: 0
curr instr: 3c
curr ram[560]: 3c
curr instr: 0
curr ram[561]: 0
curr instr: 3c
curr ram[562]: 3c
curr instr: 0
curr ram[563]: 0
curr instr: 3c
curr ram[564]: 3c
curr instr: 0
curr ram[565]: 0
curr instr: ff
curr ram[566]: ff
curr instr: 0
curr ram[567]: 0
curr instr: ff
curr ram[568]: ff
curr instr: ff
curr ram[569]: ff
curr instr: 0
curr ram[570]: 0
curr instr: ff
curr ram[571]: ff
curr instr: 0
curr ram[572]: 0
curr instr: 38
curr ram[573]: 38
curr instr: 0
curr ram[574]: 0
curr instr: 3f
curr ram[575]: 3f
curr instr: 0
curr ram[576]: 0
curr instr: 3f
curr ram[577]: 3f
curr instr: 0
curr ram[578]: 0
curr instr: 38
curr ram[579]: 38
curr instr: 0
curr ram[580]: 0
curr instr: ff
curr ram[581]: ff
curr instr: 0
curr ram[582]: 0
curr instr: ff
curr ram[583]: ff
curr instr: 80
curr ram[584]: 80
curr instr: 0
curr ram[585]: 0
curr instr: e0
curr ram[586]: e0
curr instr: 0
curr ram[587]: 0
curr instr: e0
curr ram[588]: e0
curr instr: 0
curr ram[589]: 0
curr instr: 80
curr ram[590]: 80
curr instr: 0
curr ram[591]: 0
curr instr: 80
curr ram[592]: 80
curr instr: 0
curr ram[593]: 0
curr instr: e0
curr ram[594]: e0
curr instr: 0
curr ram[595]: 0
curr instr: e0
curr ram[596]: e0
curr instr: 0
curr ram[597]: 0
curr instr: 80
curr ram[598]: 80
curr instr: f8
curr ram[599]: f8
curr instr: 0
curr ram[600]: 0
curr instr: fc
curr ram[601]: fc
curr instr: 0
curr ram[602]: 0
curr instr: 3e
curr ram[603]: 3e
curr instr: 0
curr ram[604]: 0
curr instr: 3f
curr ram[605]: 3f
curr instr: 0
curr ram[606]: 0
curr instr: 3b
curr ram[607]: 3b
curr instr: 0
curr ram[608]: 0
curr instr: 39
curr ram[609]: 39
curr instr: 0
curr ram[610]: 0
curr instr: f8
curr ram[611]: f8
curr instr: 0
curr ram[612]: 0
curr instr: f8
curr ram[613]: f8
curr instr: 3
curr ram[614]: 3
curr instr: 0
curr ram[615]: 0
curr instr: 7
curr ram[616]: 7
curr instr: 0
curr ram[617]: 0
curr instr: f
curr ram[618]: f
curr instr: 0
curr ram[619]: 0
curr instr: bf
curr ram[620]: bf
curr instr: 0
curr ram[621]: 0
curr instr: fb
curr ram[622]: fb
curr instr: 0
curr ram[623]: 0
curr instr: f3
curr ram[624]: f3
curr instr: 0
curr ram[625]: 0
curr instr: e3
curr ram[626]: e3
curr instr: 0
curr ram[627]: 0
curr instr: 43
curr ram[628]: 43
curr instr: e0
curr ram[629]: e0
curr instr: 0
curr ram[630]: 0
curr instr: e0
curr ram[631]: e0
curr instr: 0
curr ram[632]: 0
curr instr: 80
curr ram[633]: 80
curr instr: 0
curr ram[634]: 0
curr instr: 80
curr ram[635]: 80
curr instr: 0
curr ram[636]: 0
curr instr: 80
curr ram[637]: 80
curr instr: 0
curr ram[638]: 0
curr instr: 80
curr ram[639]: 80
curr instr: 0
curr ram[640]: 0
curr instr: e0
curr ram[641]: e0
curr instr: 0
curr ram[642]: 0
curr instr: e0
curr ram[643]: e0
current instr: e0

current instr: a22a

current instr: 600c

current instr: 6108

current instr: d01f
i_reg: 00022a
DEBUG: sprite_data: 0x00ff
DEBUG: curr_bit: 1
DEBUG: curr_bit: 1
DEBUG: curr_bit: 1
DEBUG: curr_bit: 1
DEBUG: curr_bit: 1
DEBUG: curr_bit: 1
DEBUG: curr_bit: 1
DEBUG: curr_bit: 1
DEBUG: sprite_data: 0x0000
DEBUG: curr_bit: 0
DEBUG: curr_bit: 0
DEBUG: curr_bit: 0
DEBUG: curr_bit: 0
DEBUG: curr_bit: 0
DEBUG: curr_bit: 0
DEBUG: curr_bit: 0
DEBUG: curr_bit: 0
DEBUG: sprite_data: 0x00ff
DEBUG: curr_bit: 1
DEBUG: curr_bit: 1
DEBUG: curr_bit: 1
DEBUG: curr_bit: 1
DEBUG: curr_bit: 1
DEBUG: curr_bit: 1
DEBUG: curr_bit: 1
DEBUG: curr_bit: 1
DEBUG: sprite_data: 0x0000
DEBUG: curr_bit: 0
DEBUG: curr_bit: 0
DEBUG: curr_bit: 0
DEBUG: curr_bit: 0
DEBUG: curr_bit: 0
DEBUG: curr_bit: 0
DEBUG: curr_bit: 0
DEBUG: curr_bit: 0
DEBUG: sprite_data: 0x003c
DEBUG: curr_bit: 0
DEBUG: curr_bit: 0
DEBUG: curr_bit: 1
DEBUG: curr_bit: 1
DEBUG: curr_bit: 1
DEBUG: curr_bit: 1
DEBUG: curr_bit: 0
DEBUG: curr_bit: 0
DEBUG: sprite_data: 0x0000
DEBUG: curr_bit: 0
DEBUG: curr_bit: 0
DEBUG: curr_bit: 0
DEBUG: curr_bit: 0
DEBUG: curr_bit: 0
DEBUG: curr_bit: 0
DEBUG: curr_bit: 0
DEBUG: curr_bit: 0
DEBUG: sprite_data: 0x003c
DEBUG: curr_bit: 0
DEBUG: curr_bit: 0
DEBUG: curr_bit: 1
DEBUG: curr_bit: 1
DEBUG: curr_bit: 1
DEBUG: curr_bit: 1
DEBUG: curr_bit: 0
DEBUG: curr_bit: 0
DEBUG: sprite_data: 0x0000
DEBUG: curr_bit: 0
DEBUG: curr_bit: 0
DEBUG: curr_bit: 0
DEBUG: curr_bit: 0
DEBUG: curr_bit: 0
DEBUG: curr_bit: 0
DEBUG: curr_bit: 0
DEBUG: curr_bit: 0
DEBUG: sprite_data: 0x003c
DEBUG: curr_bit: 0
DEBUG: curr_bit: 0
DEBUG: curr_bit: 1
DEBUG: curr_bit: 1
DEBUG: curr_bit: 1
DEBUG: curr_bit: 1
DEBUG: curr_bit: 0
DEBUG: curr_bit: 0
DEBUG: sprite_data: 0x0000
DEBUG: curr_bit: 0
DEBUG: curr_bit: 0
DEBUG: curr_bit: 0
DEBUG: curr_bit: 0
DEBUG: curr_bit: 0
DEBUG: curr_bit: 0
DEBUG: curr_bit: 0
DEBUG: curr_bit: 0
DEBUG: sprite_data: 0x003c
DEBUG: curr_bit: 0
DEBUG: curr_bit: 0
DEBUG: curr_bit: 1
DEBUG: curr_bit: 1
DEBUG: curr_bit: 1
DEBUG: curr_bit: 1
DEBUG: curr_bit: 0
DEBUG: curr_bit: 0
DEBUG: sprite_data: 0x0000
DEBUG: curr_bit: 0
DEBUG: curr_bit: 0
DEBUG: curr_bit: 0
DEBUG: curr_bit: 0
DEBUG: curr_bit: 0
DEBUG: curr_bit: 0
DEBUG: curr_bit: 0
DEBUG: curr_bit: 0
DEBUG: sprite_data: 0x00ff
DEBUG: curr_bit: 1
DEBUG: curr_bit: 1
DEBUG: curr_bit: 1
DEBUG: curr_bit: 1
DEBUG: curr_bit: 1
DEBUG: curr_bit: 1
DEBUG: curr_bit: 1
DEBUG: curr_bit: 1
DEBUG: sprite_data: 0x0000
DEBUG: curr_bit: 0
DEBUG: curr_bit: 0
DEBUG: curr_bit: 0
DEBUG: curr_bit: 0
DEBUG: curr_bit: 0
DEBUG: curr_bit: 0
DEBUG: curr_bit: 0
DEBUG: curr_bit: 0
DEBUG: sprite_data: 0x00ff
DEBUG: curr_bit: 1
DEBUG: curr_bit: 1
DEBUG: curr_bit: 1
DEBUG: curr_bit: 1
DEBUG: curr_bit: 1
DEBUG: curr_bit: 1
DEBUG: curr_bit: 1
DEBUG: curr_bit: 1

Display updated!
-----------------------------------
DEBUG: Printing DISPLAY GRID
                                                                
                                                                
                                                                
                                                                
                                                                
                                                                
                                                                
                                                                
            XXXXXXXX                                            
                                                                
            XXXXXXXX                                            
                                                                
              XXXX                                              
                                                                
              XXXX                                              
                                                                
              XXXX                                              
                                                                
              XXXX                                              
                                                                
            XXXXXXXX                                            
                                                                
            XXXXXXXX                                            
                                                                
                                                                
                                                                
                                                                
                                                                
                                                                
                                                                
                                                                
                                                                
current instr: 7009

current instr: a239

current instr: d01f
i_reg: 000239
DEBUG: sprite_data: 0x00ff
DEBUG: curr_bit: 1
DEBUG: curr_bit: 1
DEBUG: curr_bit: 1
DEBUG: curr_bit: 1
DEBUG: curr_bit: 1
DEBUG: curr_bit: 1
DEBUG: curr_bit: 1
DEBUG: curr_bit: 1
DEBUG: sprite_data: 0x0000
DEBUG: curr_bit: 0
DEBUG: curr_bit: 0
DEBUG: curr_bit: 0
DEBUG: curr_bit: 0
DEBUG: curr_bit: 0
DEBUG: curr_bit: 0
DEBUG: curr_bit: 0
DEBUG: curr_bit: 0
DEBUG: sprite_data: 0x00ff
DEBUG: curr_bit: 1
DEBUG: curr_bit: 1
DEBUG: curr_bit: 1
DEBUG: curr_bit: 1
DEBUG: curr_bit: 1
DEBUG: curr_bit: 1
DEBUG: curr_bit: 1
DEBUG: curr_bit: 1
DEBUG: sprite_data: 0x0000
DEBUG: curr_bit: 0
DEBUG: curr_bit: 0
DEBUG: curr_bit: 0
DEBUG: curr_bit: 0
DEBUG: curr_bit: 0
DEBUG: curr_bit: 0
DEBUG: curr_bit: 0
DEBUG: curr_bit: 0
DEBUG: sprite_data: 0x0038
DEBUG: curr_bit: 0
DEBUG: curr_bit: 0
DEBUG: curr_bit: 1
DEBUG: curr_bit: 1
DEBUG: curr_bit: 1
DEBUG: curr_bit: 0
DEBUG: curr_bit: 0
DEBUG: curr_bit: 0
DEBUG: sprite_data: 0x0000
DEBUG: curr_bit: 0
DEBUG: curr_bit: 0
DEBUG: curr_bit: 0
DEBUG: curr_bit: 0
DEBUG: curr_bit: 0
DEBUG: curr_bit: 0
DEBUG: curr_bit: 0
DEBUG: curr_bit: 0
DEBUG: sprite_data: 0x003f
DEBUG: curr_bit: 0
DEBUG: curr_bit: 0
DEBUG: curr_bit: 1
DEBUG: curr_bit: 1
DEBUG: curr_bit: 1
DEBUG: curr_bit: 1
DEBUG: curr_bit: 1
DEBUG: curr_bit: 1
DEBUG: sprite_data: 0x0000
DEBUG: curr_bit: 0
DEBUG: curr_bit: 0
DEBUG: curr_bit: 0
DEBUG: curr_bit: 0
DEBUG: curr_bit: 0
DEBUG: curr_bit: 0
DEBUG: curr_bit: 0
DEBUG: curr_bit: 0
DEBUG: sprite_data: 0x003f
DEBUG: curr_bit: 0
DEBUG: curr_bit: 0
DEBUG: curr_bit: 1
DEBUG: curr_bit: 1
DEBUG: curr_bit: 1
DEBUG: curr_bit: 1
DEBUG: curr_bit: 1
DEBUG: curr_bit: 1
DEBUG: sprite_data: 0x0000
DEBUG: curr_bit: 0
DEBUG: curr_bit: 0
DEBUG: curr_bit: 0
DEBUG: curr_bit: 0
DEBUG: curr_bit: 0
DEBUG: curr_bit: 0
DEBUG: curr_bit: 0
DEBUG: curr_bit: 0
DEBUG: sprite_data: 0x0038
DEBUG: curr_bit: 0
DEBUG: curr_bit: 0
DEBUG: curr_bit: 1
DEBUG: curr_bit: 1
DEBUG: curr_bit: 1
DEBUG: curr_bit: 0
DEBUG: curr_bit: 0
DEBUG: curr_bit: 0
DEBUG: sprite_data: 0x0000
DEBUG: curr_bit: 0
DEBUG: curr_bit: 0
DEBUG: curr_bit: 0
DEBUG: curr_bit: 0
DEBUG: curr_bit: 0
DEBUG: curr_bit: 0
DEBUG: curr_bit: 0
DEBUG: curr_bit: 0
DEBUG: sprite_data: 0x00ff
DEBUG: curr_bit: 1
DEBUG: curr_bit: 1
DEBUG: curr_bit: 1
DEBUG: curr_bit: 1
DEBUG: curr_bit: 1
DEBUG: curr_bit: 1
DEBUG: curr_bit: 1
DEBUG: curr_bit: 1
DEBUG: sprite_data: 0x0000
DEBUG: curr_bit: 0
DEBUG: curr_bit: 0
DEBUG: curr_bit: 0
DEBUG: curr_bit: 0
DEBUG: curr_bit: 0
DEBUG: curr_bit: 0
DEBUG: curr_bit: 0
DEBUG: curr_bit: 0
DEBUG: sprite_data: 0x00ff
DEBUG: curr_bit: 1
DEBUG: curr_bit: 1
DEBUG: curr_bit: 1
DEBUG: curr_bit: 1
DEBUG: curr_bit: 1
DEBUG: curr_bit: 1
DEBUG: curr_bit: 1
DEBUG: curr_bit: 1

Display updated!
-----------------------------------
DEBUG: Printing DISPLAY GRID
                                                                
                                                                
                                                                
                                                                
                                                                
                                                                
                                                                
                                                                
            XXXXXXXX XXXXXXXX                                   
                                                                
            XXXXXXXX XXXXXXXX                                   
                                                                
              XXXX     XXX                                      
                                                                
              XXXX     XXXXXX                                   
                                                                
              XXXX     XXXXXX                                   
                                                                
              XXXX     XXX                                      
                                                                
            XXXXXXXX XXXXXXXX                                   
                                                                
            XXXXXXXX XXXXXXXX                                   
                                                                
                                                                
                                                                
                                                                
                                                                
                                                                
                                                                
                                                                
                                                                
current instr: a248

current instr: 7008

current instr: d01f
i_reg: 000248
DEBUG: sprite_data: 0x0080
DEBUG: curr_bit: 1
DEBUG: curr_bit: 0
DEBUG: curr_bit: 0
DEBUG: curr_bit: 0
DEBUG: curr_bit: 0
DEBUG: curr_bit: 0
DEBUG: curr_bit: 0
DEBUG: curr_bit: 0
DEBUG: sprite_data: 0x0000
DEBUG: curr_bit: 0
DEBUG: curr_bit: 0
DEBUG: curr_bit: 0
DEBUG: curr_bit: 0
DEBUG: curr_bit: 0
DEBUG: curr_bit: 0
DEBUG: curr_bit: 0
DEBUG: curr_bit: 0
DEBUG: sprite_data: 0x00e0
DEBUG: curr_bit: 1
DEBUG: curr_bit: 1
DEBUG: curr_bit: 1
DEBUG: curr_bit: 0
DEBUG: curr_bit: 0
DEBUG: curr_bit: 0
DEBUG: curr_bit: 0
DEBUG: curr_bit: 0
DEBUG: sprite_data: 0x0000
DEBUG: curr_bit: 0
DEBUG: curr_bit: 0
DEBUG: curr_bit: 0
DEBUG: curr_bit: 0
DEBUG: curr_bit: 0
DEBUG: curr_bit: 0
DEBUG: curr_bit: 0
DEBUG: curr_bit: 0
DEBUG: sprite_data: 0x00e0
DEBUG: curr_bit: 1
DEBUG: curr_bit: 1
DEBUG: curr_bit: 1
DEBUG: curr_bit: 0
DEBUG: curr_bit: 0
DEBUG: curr_bit: 0
DEBUG: curr_bit: 0
DEBUG: curr_bit: 0
DEBUG: sprite_data: 0x0000
DEBUG: curr_bit: 0
DEBUG: curr_bit: 0
DEBUG: curr_bit: 0
DEBUG: curr_bit: 0
DEBUG: curr_bit: 0
DEBUG: curr_bit: 0
DEBUG: curr_bit: 0
DEBUG: curr_bit: 0
DEBUG: sprite_data: 0x0080
DEBUG: curr_bit: 1
DEBUG: curr_bit: 0
DEBUG: curr_bit: 0
DEBUG: curr_bit: 0
DEBUG: curr_bit: 0
DEBUG: curr_bit: 0
DEBUG: curr_bit: 0
DEBUG: curr_bit: 0
DEBUG: sprite_data: 0x0000
DEBUG: curr_bit: 0
DEBUG: curr_bit: 0
DEBUG: curr_bit: 0
DEBUG: curr_bit: 0
DEBUG: curr_bit: 0
DEBUG: curr_bit: 0
DEBUG: curr_bit: 0
DEBUG: curr_bit: 0
DEBUG: sprite_data: 0x0080
DEBUG: curr_bit: 1
DEBUG: curr_bit: 0
DEBUG: curr_bit: 0
DEBUG: curr_bit: 0
DEBUG: curr_bit: 0
DEBUG: curr_bit: 0
DEBUG: curr_bit: 0
DEBUG: curr_bit: 0
DEBUG: sprite_data: 0x0000
DEBUG: curr_bit: 0
DEBUG: curr_bit: 0
DEBUG: curr_bit: 0
DEBUG: curr_bit: 0
DEBUG: curr_bit: 0
DEBUG: curr_bit: 0
DEBUG: curr_bit: 0
DEBUG: curr_bit: 0
DEBUG: sprite_data: 0x00e0
DEBUG: curr_bit: 1
DEBUG: curr_bit: 1
DEBUG: curr_bit: 1
DEBUG: curr_bit: 0
DEBUG: curr_bit: 0
DEBUG: curr_bit: 0
DEBUG: curr_bit: 0
DEBUG: curr_bit: 0
DEBUG: sprite_data: 0x0000
DEBUG: curr_bit: 0
DEBUG: curr_bit: 0
DEBUG: curr_bit: 0
DEBUG: curr_bit: 0
DEBUG: curr_bit: 0
DEBUG: curr_bit: 0
DEBUG: curr_bit: 0
DEBUG: curr_bit: 0
DEBUG: sprite_data: 0x00e0
DEBUG: curr_bit: 1
DEBUG: curr_bit: 1
DEBUG: curr_bit: 1
DEBUG: curr_bit: 0
DEBUG: curr_bit: 0
DEBUG: curr_bit: 0
DEBUG: curr_bit: 0
DEBUG: curr_bit: 0
DEBUG: sprite_data: 0x0000
DEBUG: curr_bit: 0
DEBUG: curr_bit: 0
DEBUG: curr_bit: 0
DEBUG: curr_bit: 0
DEBUG: curr_bit: 0
DEBUG: curr_bit: 0
DEBUG: curr_bit: 0
DEBUG: curr_bit: 0
DEBUG: sprite_data: 0x0080
DEBUG: curr_bit: 1
DEBUG: curr_bit: 0
DEBUG: curr_bit: 0
DEBUG: curr_bit: 0
DEBUG: curr_bit: 0
DEBUG: curr_bit: 0
DEBUG: curr_bit: 0
DEBUG: curr_bit: 0

Display updated!
-----------------------------------
DEBUG: Printing DISPLAY GRID
                                                                
                                                                
                                                                
                                                                
                                                                
                                                                
                                                                
                                                                
            XXXXXXXX XXXXXXXXX                                  
                                                                
            XXXXXXXX XXXXXXXXXXX                                
                                                                
              XXXX     XXX   XXX                                
                                                                
              XXXX     XXXXXXX                                  
                                                                
              XXXX     XXXXXXX                                  
                                                                
              XXXX     XXX   XXX                                
                                                                
            XXXXXXXX XXXXXXXXXXX                                
                                                                
            XXXXXXXX XXXXXXXXX                                  
                                                                
                                                                
                                                                
                                                                
                                                                
                                                                
                                                                
                                                                
                                                                
current instr: 7004

current instr: a257

current instr: d01f
i_reg: 000257
DEBUG: sprite_data: 0x00f8
DEBUG: curr_bit: 1
DEBUG: curr_bit: 1
DEBUG: curr_bit: 1
DEBUG: curr_bit: 1
DEBUG: curr_bit: 1
DEBUG: curr_bit: 0
DEBUG: curr_bit: 0
DEBUG: curr_bit: 0
DEBUG: sprite_data: 0x0000
DEBUG: curr_bit: 0
DEBUG: curr_bit: 0
DEBUG: curr_bit: 0
DEBUG: curr_bit: 0
DEBUG: curr_bit: 0
DEBUG: curr_bit: 0
DEBUG: curr_bit: 0
DEBUG: curr_bit: 0
DEBUG: sprite_data: 0x00fc
DEBUG: curr_bit: 1
DEBUG: curr_bit: 1
DEBUG: curr_bit: 1
DEBUG: curr_bit: 1
DEBUG: curr_bit: 1
DEBUG: curr_bit: 1
DEBUG: curr_bit: 0
DEBUG: curr_bit: 0
DEBUG: sprite_data: 0x0000
DEBUG: curr_bit: 0
DEBUG: curr_bit: 0
DEBUG: curr_bit: 0
DEBUG: curr_bit: 0
DEBUG: curr_bit: 0
DEBUG: curr_bit: 0
DEBUG: curr_bit: 0
DEBUG: curr_bit: 0
DEBUG: sprite_data: 0x003e
DEBUG: curr_bit: 0
DEBUG: curr_bit: 0
DEBUG: curr_bit: 1
DEBUG: curr_bit: 1
DEBUG: curr_bit: 1
DEBUG: curr_bit: 1
DEBUG: curr_bit: 1
DEBUG: curr_bit: 0
DEBUG: sprite_data: 0x0000
DEBUG: curr_bit: 0
DEBUG: curr_bit: 0
DEBUG: curr_bit: 0
DEBUG: curr_bit: 0
DEBUG: curr_bit: 0
DEBUG: curr_bit: 0
DEBUG: curr_bit: 0
DEBUG: curr_bit: 0
DEBUG: sprite_data: 0x003f
DEBUG: curr_bit: 0
DEBUG: curr_bit: 0
DEBUG: curr_bit: 1
DEBUG: curr_bit: 1
DEBUG: curr_bit: 1
DEBUG: curr_bit: 1
DEBUG: curr_bit: 1
DEBUG: curr_bit: 1
DEBUG: sprite_data: 0x0000
DEBUG: curr_bit: 0
DEBUG: curr_bit: 0
DEBUG: curr_bit: 0
DEBUG: curr_bit: 0
DEBUG: curr_bit: 0
DEBUG: curr_bit: 0
DEBUG: curr_bit: 0
DEBUG: curr_bit: 0
DEBUG: sprite_data: 0x003b
DEBUG: curr_bit: 0
DEBUG: curr_bit: 0
DEBUG: curr_bit: 1
DEBUG: curr_bit: 1
DEBUG: curr_bit: 1
DEBUG: curr_bit: 0
DEBUG: curr_bit: 1
DEBUG: curr_bit: 1
DEBUG: sprite_data: 0x0000
DEBUG: curr_bit: 0
DEBUG: curr_bit: 0
DEBUG: curr_bit: 0
DEBUG: curr_bit: 0
DEBUG: curr_bit: 0
DEBUG: curr_bit: 0
DEBUG: curr_bit: 0
DEBUG: curr_bit: 0
DEBUG: sprite_data: 0x0039
DEBUG: curr_bit: 0
DEBUG: curr_bit: 0
DEBUG: curr_bit: 1
DEBUG: curr_bit: 1
DEBUG: curr_bit: 1
DEBUG: curr_bit: 0
DEBUG: curr_bit: 0
DEBUG: curr_bit: 1
DEBUG: sprite_data: 0x0000
DEBUG: curr_bit: 0
DEBUG: curr_bit: 0
DEBUG: curr_bit: 0
DEBUG: curr_bit: 0
DEBUG: curr_bit: 0
DEBUG: curr_bit: 0
DEBUG: curr_bit: 0
DEBUG: curr_bit: 0
DEBUG: sprite_data: 0x00f8
DEBUG: curr_bit: 1
DEBUG: curr_bit: 1
DEBUG: curr_bit: 1
DEBUG: curr_bit: 1
DEBUG: curr_bit: 1
DEBUG: curr_bit: 0
DEBUG: curr_bit: 0
DEBUG: curr_bit: 0
DEBUG: sprite_data: 0x0000
DEBUG: curr_bit: 0
DEBUG: curr_bit: 0
DEBUG: curr_bit: 0
DEBUG: curr_bit: 0
DEBUG: curr_bit: 0
DEBUG: curr_bit: 0
DEBUG: curr_bit: 0
DEBUG: curr_bit: 0
DEBUG: sprite_data: 0x00f8
DEBUG: curr_bit: 1
DEBUG: curr_bit: 1
DEBUG: curr_bit: 1
DEBUG: curr_bit: 1
DEBUG: curr_bit: 1
DEBUG: curr_bit: 0
DEBUG: curr_bit: 0
DEBUG: curr_bit: 0

Display updated!
-----------------------------------
DEBUG: Printing DISPLAY GRID
                                                                
                                                                
                                                                
                                                                
                                                                
                                                                
                                                                
                                                                
            XXXXXXXX XXXXXXXXX   XXXXX                          
                                                                
            XXXXXXXX XXXXXXXXXXX XXXXXX                         
                                                                
              XXXX     XXX   XXX   XXXXX                        
                                                                
              XXXX     XXXXXXX     XXXXXX                       
                                                                
              XXXX     XXXXXXX     XXX XX                       
                                                                
              XXXX     XXX   XXX   XXX  X                       
                                                                
            XXXXXXXX XXXXXXXXXXX XXXXX                          
                                                                
            XXXXXXXX XXXXXXXXX   XXXXX                          
                                                                
                                                                
                                                                
                                                                
                                                                
                                                                
                                                                
                                                                
                                                                
current instr: 7008

current instr: a266

current instr: d01f
i_reg: 000266
DEBUG: sprite_data: 0x0003
DEBUG: curr_bit: 0
DEBUG: curr_bit: 0
DEBUG: curr_bit: 0
DEBUG: curr_bit: 0
DEBUG: curr_bit: 0
DEBUG: curr_bit: 0
DEBUG: curr_bit: 1
DEBUG: curr_bit: 1
DEBUG: sprite_data: 0x0000
DEBUG: curr_bit: 0
DEBUG: curr_bit: 0
DEBUG: curr_bit: 0
DEBUG: curr_bit: 0
DEBUG: curr_bit: 0
DEBUG: curr_bit: 0
DEBUG: curr_bit: 0
DEBUG: curr_bit: 0
DEBUG: sprite_data: 0x0007
DEBUG: curr_bit: 0
DEBUG: curr_bit: 0
DEBUG: curr_bit: 0
DEBUG: curr_bit: 0
DEBUG: curr_bit: 0
DEBUG: curr_bit: 1
DEBUG: curr_bit: 1
DEBUG: curr_bit: 1
DEBUG: sprite_data: 0x0000
DEBUG: curr_bit: 0
DEBUG: curr_bit: 0
DEBUG: curr_bit: 0
DEBUG: curr_bit: 0
DEBUG: curr_bit: 0
DEBUG: curr_bit: 0
DEBUG: curr_bit: 0
DEBUG: curr_bit: 0
DEBUG: sprite_data: 0x000f
DEBUG: curr_bit: 0
DEBUG: curr_bit: 0
DEBUG: curr_bit: 0
DEBUG: curr_bit: 0
DEBUG: curr_bit: 1
DEBUG: curr_bit: 1
DEBUG: curr_bit: 1
DEBUG: curr_bit: 1
DEBUG: sprite_data: 0x0000
DEBUG: curr_bit: 0
DEBUG: curr_bit: 0
DEBUG: curr_bit: 0
DEBUG: curr_bit: 0
DEBUG: curr_bit: 0
DEBUG: curr_bit: 0
DEBUG: curr_bit: 0
DEBUG: curr_bit: 0
DEBUG: sprite_data: 0x00bf
DEBUG: curr_bit: 1
DEBUG: curr_bit: 0
DEBUG: curr_bit: 1
DEBUG: curr_bit: 1
DEBUG: curr_bit: 1
DEBUG: curr_bit: 1
DEBUG: curr_bit: 1
DEBUG: curr_bit: 1
DEBUG: sprite_data: 0x0000
DEBUG: curr_bit: 0
DEBUG: curr_bit: 0
DEBUG: curr_bit: 0
DEBUG: curr_bit: 0
DEBUG: curr_bit: 0
DEBUG: curr_bit: 0
DEBUG: curr_bit: 0
DEBUG: curr_bit: 0
DEBUG: sprite_data: 0x00fb
DEBUG: curr_bit: 1
DEBUG: curr_bit: 1
DEBUG: curr_bit: 1
DEBUG: curr_bit: 1
DEBUG: curr_bit: 1
DEBUG: curr_bit: 0
DEBUG: curr_bit: 1
DEBUG: curr_bit: 1
DEBUG: sprite_data: 0x0000
DEBUG: curr_bit: 0
DEBUG: curr_bit: 0
DEBUG: curr_bit: 0
DEBUG: curr_bit: 0
DEBUG: curr_bit: 0
DEBUG: curr_bit: 0
DEBUG: curr_bit: 0
DEBUG: curr_bit: 0
DEBUG: sprite_data: 0x00f3
DEBUG: curr_bit: 1
DEBUG: curr_bit: 1
DEBUG: curr_bit: 1
DEBUG: curr_bit: 1
DEBUG: curr_bit: 0
DEBUG: curr_bit: 0
DEBUG: curr_bit: 1
DEBUG: curr_bit: 1
DEBUG: sprite_data: 0x0000
DEBUG: curr_bit: 0
DEBUG: curr_bit: 0
DEBUG: curr_bit: 0
DEBUG: curr_bit: 0
DEBUG: curr_bit: 0
DEBUG: curr_bit: 0
DEBUG: curr_bit: 0
DEBUG: curr_bit: 0
DEBUG: sprite_data: 0x00e3
DEBUG: curr_bit: 1
DEBUG: curr_bit: 1
DEBUG: curr_bit: 1
DEBUG: curr_bit: 0
DEBUG: curr_bit: 0
DEBUG: curr_bit: 0
DEBUG: curr_bit: 1
DEBUG: curr_bit: 1
DEBUG: sprite_data: 0x0000
DEBUG: curr_bit: 0
DEBUG: curr_bit: 0
DEBUG: curr_bit: 0
DEBUG: curr_bit: 0
DEBUG: curr_bit: 0
DEBUG: curr_bit: 0
DEBUG: curr_bit: 0
DEBUG: curr_bit: 0
DEBUG: sprite_data: 0x0043
DEBUG: curr_bit: 0
DEBUG: curr_bit: 1
DEBUG: curr_bit: 0
DEBUG: curr_bit: 0
DEBUG: curr_bit: 0
DEBUG: curr_bit: 0
DEBUG: curr_bit: 1
DEBUG: curr_bit: 1

Display updated!
-----------------------------------
DEBUG: Printing DISPLAY GRID
                                                                
                                                                
                                                                
                                                                
                                                                
                                                                
                                                                
                                                                
            XXXXXXXX XXXXXXXXX   XXXXX         XX               
                                                                
            XXXXXXXX XXXXXXXXXXX XXXXXX       XXX               
                                                                
              XXXX     XXX   XXX   XXXXX     XXXX               
                                                                
              XXXX     XXXXXXX     XXXXXXX XXXXXX               
                                                                
              XXXX     XXXXXXX     XXX XXXXXXX XX               
                                                                
              XXXX     XXX   XXX   XXX  XXXXX  XX               
                                                                
            XXXXXXXX XXXXXXXXXXX XXXXX   XXX   XX               
                                                                
            XXXXXXXX XXXXXXXXX   XXXXX    X    XX               
                                                                
                                                                
                                                                
                                                                
                                                                
                                                                
                                                                
                                                                
                                                                
current instr: 7008

current instr: a275

current instr: d01f
i_reg: 000275
DEBUG: sprite_data: 0x00e0
DEBUG: curr_bit: 1
DEBUG: curr_bit: 1
DEBUG: curr_bit: 1
DEBUG: curr_bit: 0
DEBUG: curr_bit: 0
DEBUG: curr_bit: 0
DEBUG: curr_bit: 0
DEBUG: curr_bit: 0
DEBUG: sprite_data: 0x0000
DEBUG: curr_bit: 0
DEBUG: curr_bit: 0
DEBUG: curr_bit: 0
DEBUG: curr_bit: 0
DEBUG: curr_bit: 0
DEBUG: curr_bit: 0
DEBUG: curr_bit: 0
DEBUG: curr_bit: 0
DEBUG: sprite_data: 0x00e0
DEBUG: curr_bit: 1
DEBUG: curr_bit: 1
DEBUG: curr_bit: 1
DEBUG: curr_bit: 0
DEBUG: curr_bit: 0
DEBUG: curr_bit: 0
DEBUG: curr_bit: 0
DEBUG: curr_bit: 0
DEBUG: sprite_data: 0x0000
DEBUG: curr_bit: 0
DEBUG: curr_bit: 0
DEBUG: curr_bit: 0
DEBUG: curr_bit: 0
DEBUG: curr_bit: 0
DEBUG: curr_bit: 0
DEBUG: curr_bit: 0
DEBUG: curr_bit: 0
DEBUG: sprite_data: 0x0080
DEBUG: curr_bit: 1
DEBUG: curr_bit: 0
DEBUG: curr_bit: 0
DEBUG: curr_bit: 0
DEBUG: curr_bit: 0
DEBUG: curr_bit: 0
DEBUG: curr_bit: 0
DEBUG: curr_bit: 0
DEBUG: sprite_data: 0x0000
DEBUG: curr_bit: 0
DEBUG: curr_bit: 0
DEBUG: curr_bit: 0
DEBUG: curr_bit: 0
DEBUG: curr_bit: 0
DEBUG: curr_bit: 0
DEBUG: curr_bit: 0
DEBUG: curr_bit: 0
DEBUG: sprite_data: 0x0080
DEBUG: curr_bit: 1
DEBUG: curr_bit: 0
DEBUG: curr_bit: 0
DEBUG: curr_bit: 0
DEBUG: curr_bit: 0
DEBUG: curr_bit: 0
DEBUG: curr_bit: 0
DEBUG: curr_bit: 0
DEBUG: sprite_data: 0x0000
DEBUG: curr_bit: 0
DEBUG: curr_bit: 0
DEBUG: curr_bit: 0
DEBUG: curr_bit: 0
DEBUG: curr_bit: 0
DEBUG: curr_bit: 0
DEBUG: curr_bit: 0
DEBUG: curr_bit: 0
DEBUG: sprite_data: 0x0080
DEBUG: curr_bit: 1
DEBUG: curr_bit: 0
DEBUG: curr_bit: 0
DEBUG: curr_bit: 0
DEBUG: curr_bit: 0
DEBUG: curr_bit: 0
DEBUG: curr_bit: 0
DEBUG: curr_bit: 0
DEBUG: sprite_data: 0x0000
DEBUG: curr_bit: 0
DEBUG: curr_bit: 0
DEBUG: curr_bit: 0
DEBUG: curr_bit: 0
DEBUG: curr_bit: 0
DEBUG: curr_bit: 0
DEBUG: curr_bit: 0
DEBUG: curr_bit: 0
DEBUG: sprite_data: 0x0080
DEBUG: curr_bit: 1
DEBUG: curr_bit: 0
DEBUG: curr_bit: 0
DEBUG: curr_bit: 0
DEBUG: curr_bit: 0
DEBUG: curr_bit: 0
DEBUG: curr_bit: 0
DEBUG: curr_bit: 0
DEBUG: sprite_data: 0x0000
DEBUG: curr_bit: 0
DEBUG: curr_bit: 0
DEBUG: curr_bit: 0
DEBUG: curr_bit: 0
DEBUG: curr_bit: 0
DEBUG: curr_bit: 0
DEBUG: curr_bit: 0
DEBUG: curr_bit: 0
DEBUG: sprite_data: 0x00e0
DEBUG: curr_bit: 1
DEBUG: curr_bit: 1
DEBUG: curr_bit: 1
DEBUG: curr_bit: 0
DEBUG: curr_bit: 0
DEBUG: curr_bit: 0
DEBUG: curr_bit: 0
DEBUG: curr_bit: 0
DEBUG: sprite_data: 0x0000
DEBUG: curr_bit: 0
DEBUG: curr_bit: 0
DEBUG: curr_bit: 0
DEBUG: curr_bit: 0
DEBUG: curr_bit: 0
DEBUG: curr_bit: 0
DEBUG: curr_bit: 0
DEBUG: curr_bit: 0
DEBUG: sprite_data: 0x00e0
DEBUG: curr_bit: 1
DEBUG: curr_bit: 1
DEBUG: curr_bit: 1
DEBUG: curr_bit: 0
DEBUG: curr_bit: 0
DEBUG: curr_bit: 0
DEBUG: curr_bit: 0
DEBUG: curr_bit: 0

Display updated!
-----------------------------------
DEBUG: Printing DISPLAY GRID
                                                                
                                                                
                                                                
                                                                
                                                                
                                                                
                                                                
                                                                
            XXXXXXXX XXXXXXXXX   XXXXX         XXXXX            
                                                                
            XXXXXXXX XXXXXXXXXXX XXXXXX       XXXXXX            
                                                                
              XXXX     XXX   XXX   XXXXX     XXXXX              
                                                                
              XXXX     XXXXXXX     XXXXXXX XXXXXXX              
                                                                
              XXXX     XXXXXXX     XXX XXXXXXX XXX              
                                                                
              XXXX     XXX   XXX   XXX  XXXXX  XXX              
                                                                
            XXXXXXXX XXXXXXXXXXX XXXXX   XXX   XXXXX            
                                                                
            XXXXXXXX XXXXXXXXX   XXXXX    X    XXXXX            
                                                                
                                                                
                                                                
                                                                
                                                                
                                                                
                                                                
                                                                
                                                                
current instr: 1228

current instr: 1228

current instr: 1228

current instr: 1228

current instr: 1228

current instr: 1228

current instr: 1228

current instr: 1228

current instr: 1228

current instr: 1228

current instr: 1228

current instr: 1228

current instr: 1228

current instr: 1228

current instr: 1228

current instr: 1228

current instr: 1228

current instr: 1228

current instr: 1228

current instr: 1228

current instr: 1228

current instr: 1228

current instr: 1228

current instr: 1228

current instr: 1228

current instr: 1228

current instr: 1228

current instr: 1228

current instr: 1228

current instr: 1228

current instr: 1228

current instr: 1228

current instr: 1228

current instr: 1228

current instr: 1228

current instr: 1228

current instr: 1228

current instr: 1228

current instr: 1228

current instr: 1228

current instr: 1228

current instr: 1228

current instr: 1228

current instr: 1228

current instr: 1228

current instr: 1228

current instr: 1228

current instr: 1228

current instr: 1228

current instr: 1228

current instr: 1228

current instr: 1228

current instr: 1228

current instr: 1228

current instr: 1228

current instr: 1228

current instr: 1228

current instr: 1228

current instr: 1228

current instr: 1228

current instr: 1228

current instr: 1228

current instr: 1228

current instr: 1228

current instr: 1228

current instr: 1228

current instr: 1228

current instr: 1228

current instr: 1228

current instr: 1228

current instr: 1228

current instr: 1228

current instr: 1228

current instr: 1228

current instr: 1228

current instr: 1228

current instr: 1228

current instr: 1228

current instr: 1228

current instr: 1228

current instr: 1228

current instr: 1228

current instr: 1228

current instr: 1228

current instr: 1228

current instr: 1228

current instr: 1228

current instr: 1228

current instr: 1228

current instr: 1228

current instr: 1228

current instr: 1228

current instr: 1228

current instr: 1228

current instr: 1228

current instr: 1228

current instr: 1228

current instr: 1228

current instr: 1228

current instr: 1228

current instr: 1228

current instr: 1228

current instr: 1228

current instr: 1228

current instr: 1228

current instr: 1228

current instr: 1228

current instr: 1228

current instr: 1228

current instr: 1228

current instr: 1228

current instr: 1228

current instr: 1228

current instr: 1228

current instr: 1228

current instr: 1228

current instr: 1228

current instr: 1228

current instr: 1228

current instr: 1228

current instr: 1228

current instr: 1228

current instr: 1228

current instr: 1228

current instr: 1228

current instr: 1228

current instr: 1228

current instr: 1228

current instr: 1228

current instr: 1228

current instr: 1228

current instr: 1228

pressing 1
current instr: 1228

current instr: 1228

current instr: 1228

current instr: 1228

current instr: 1228

current instr: 1228

current instr: 1228

current instr: 1228

current instr: 1228

current instr: 1228

current instr: 1228

pressing 2
current instr: 1228

current instr: 1228

current instr: 1228

current instr: 1228

current instr: 1228

current instr: 1228

current instr: 1228

current instr: 1228

current instr: 1228

current instr: 1228

pressing 3
current instr: 1228

current instr: 1228

current instr: 1228

current instr: 1228

current instr: 1228

current instr: 1228

current instr: 1228

current instr: 1228

current instr: 1228

current instr: 1228

current instr: 1228

pressing 4
current instr: 1228

current instr: 1228

current instr: 1228

current instr: 1228

current instr: 1228

current instr: 1228

current instr: 1228

current instr: 1228

current instr: 1228

current instr: 1228

current instr: 1228

pressing 5
current instr: 1228

current instr: 1228

current instr: 1228

current instr: 1228

current instr: 1228

current instr: 1228

current instr: 1228

current instr: 1228

current instr: 1228

current instr: 1228

current instr: 1228

current instr: 1228

pressing 6
current instr: 1228

current instr: 1228

current instr: 1228

current instr: 1228

current instr: 1228

current instr: 1228

current instr: 1228

current instr: 1228

current instr: 1228

current instr: 1228

current instr: 1228

current instr: 1228

current instr: 1228

current instr: 1228

current instr: 1228

current instr: 1228

current instr: 1228

current instr: 1228

current instr: 1228

current instr: 1228

current instr: 1228

current instr: 1228

current instr: 1228

current instr: 1228

pressing 1
current instr: 1228

current instr: 1228

current instr: 1228

current instr: 1228

current instr: 1228

current instr: 1228

current instr: 1228

current instr: 1228

current instr: 1228

current instr: 1228

current instr: 1228

pressing 2
current instr: 1228

current instr: 1228

current instr: 1228

current instr: 1228

current instr: 1228

current instr: 1228

current instr: 1228

current instr: 1228

current instr: 1228

current instr: 1228

current instr: 1228

current instr: 1228

pressing 3
current instr: 1228

current instr: 1228

current instr: 1228

current instr: 1228

current instr: 1228

current instr: 1228

current instr: 1228

current instr: 1228

current instr: 1228

current instr: 1228

pressing 4
current instr: 1228

current instr: 1228

current instr: 1228

current instr: 1228

current instr: 1228

current instr: 1228

current instr: 1228

current instr: 1228

current instr: 1228

current instr: 1228

current instr: 1228

current instr: 1228

pressing 5
current instr: 1228

current instr: 1228

current instr: 1228

current instr: 1228

current instr: 1228

current instr: 1228

current instr: 1228

current instr: 1228

current instr: 1228

current instr: 1228

pressing 6
current instr: 1228

current instr: 1228

current instr: 1228

current instr: 1228

current instr: 1228

current instr: 1228

current instr: 1228

current instr: 1228

current instr: 1228

current instr: 1228

current instr: 1228

current instr: 1228

current instr: 1228

current instr: 1228

current instr: 1228

current instr: 1228

current instr: 1228

current instr: 1228

current instr: 1228

current instr: 1228

current instr: 1228

current instr: 1228

current instr: 1228

current instr: 1228

current instr: 1228

current instr: 1228

current instr: 1228

current instr: 1228

current instr: 1228

current instr: 1228

current instr: 1228

current instr: 1228

current instr: 1228

current instr: 1228

current instr: 1228

current instr: 1228

current instr: 1228

current instr: 1228

current instr: 1228

current instr: 1228

current instr: 1228

current instr: 1228

current instr: 1228

current instr: 1228

current instr: 1228

current instr: 1228

current instr: 1228

current instr: 1228

current instr: 1228

current instr: 1228

current instr: 1228

current instr: 1228

current instr: 1228

current instr: 1228

current instr: 1228

current instr: 1228

current instr: 1228

current instr: 1228

current instr: 1228

current instr: 1228

current instr: 1228

current instr: 1228

current instr: 1228

current instr: 1228

current instr: 1228

current instr: 1228

current instr: 1228

current instr: 1228

